<?xml version="1.0" encoding="UTF-8"?>
<robot generator="Robot 4.1.2 (Python 3.10.0 on win32)" generated="20220206 11:09:57.681" rpa="false" schemaversion="2">
<suite id="s1" name="Argumentos" source="C:\Users\IgorSantosAnselmodaS\eclipse-workspace\Automação_RobotFrameWork_Avançado\argumentos.robot">
<test id="s1-t1" name="Relembrando argumentos posicionais x nomeados">
<kw name="Teste de Argumentos Básico">
<arg>1</arg>
<arg>2</arg>
<arg>3</arg>
<arg>4</arg>
<kw name="Log" library="BuiltIn">
<arg>${arg1} - ${arg2} - ${arg3} - ${arg4}</arg>
<doc>Logs the given message with the given level.</doc>
<msg timestamp="20220206 11:09:58.078" level="INFO">1 - 2 - 3 - 4</msg>
<status status="PASS" starttime="20220206 11:09:58.077" endtime="20220206 11:09:58.078"/>
</kw>
<status status="PASS" starttime="20220206 11:09:58.076" endtime="20220206 11:09:58.078"/>
</kw>
<kw name="Teste de Argumentos Básico">
<arg>arg4=1</arg>
<arg>arg3=2</arg>
<arg>arg2=3</arg>
<arg>arg1=4</arg>
<kw name="Log" library="BuiltIn">
<arg>${arg1} - ${arg2} - ${arg3} - ${arg4}</arg>
<doc>Logs the given message with the given level.</doc>
<msg timestamp="20220206 11:09:58.080" level="INFO">4 - 3 - 2 - 1</msg>
<status status="PASS" starttime="20220206 11:09:58.080" endtime="20220206 11:09:58.081"/>
</kw>
<status status="PASS" starttime="20220206 11:09:58.079" endtime="20220206 11:09:58.081"/>
</kw>
<status status="PASS" starttime="20220206 11:09:58.074" endtime="20220206 11:09:58.082"/>
</test>
<test id="s1-t2" name="Teste de Argumentos Opcionais">
<kw name="Passando argumentos opcionais como parâmetro">
<arg>nome=Mayara</arg>
<arg>ultimo_nome=Fernandes</arg>
<kw name="Log" library="BuiltIn">
<arg>Nome completo: ${nome} ${nome_do_meio} ${ultimo_nome}</arg>
<doc>Logs the given message with the given level.</doc>
<msg timestamp="20220206 11:09:58.087" level="INFO">Nome completo: Mayara silva Fernandes</msg>
<status status="PASS" starttime="20220206 11:09:58.086" endtime="20220206 11:09:58.087"/>
</kw>
<status status="PASS" starttime="20220206 11:09:58.084" endtime="20220206 11:09:58.088"/>
</kw>
<kw name="Passando argumentos opcionais como parâmetro">
<arg>nome=Mayara</arg>
<arg>nome_do_meio=Ribeiro</arg>
<arg>ultimo_nome=Fernandes</arg>
<kw name="Log" library="BuiltIn">
<arg>Nome completo: ${nome} ${nome_do_meio} ${ultimo_nome}</arg>
<doc>Logs the given message with the given level.</doc>
<msg timestamp="20220206 11:09:58.090" level="INFO">Nome completo: Mayara Ribeiro Fernandes</msg>
<status status="PASS" starttime="20220206 11:09:58.089" endtime="20220206 11:09:58.090"/>
</kw>
<status status="PASS" starttime="20220206 11:09:58.088" endtime="20220206 11:09:58.090"/>
</kw>
<status status="PASS" starttime="20220206 11:09:58.083" endtime="20220206 11:09:58.091"/>
</test>
<test id="s1-t3" name="Criando lista e dicionário via parâmetro">
<kw name="Teste Criando um Dicionário">
<arg>cwd=/home/user</arg>
<arg>shell=True</arg>
<arg>env=False</arg>
<kw name="Log" library="BuiltIn">
<arg>${meu_dicionario}</arg>
<doc>Logs the given message with the given level.</doc>
<msg timestamp="20220206 11:09:58.097" level="INFO">{'cwd': '/home/user', 'shell': 'True', 'env': 'False'}</msg>
<status status="PASS" starttime="20220206 11:09:58.096" endtime="20220206 11:09:58.097"/>
</kw>
<status status="PASS" starttime="20220206 11:09:58.095" endtime="20220206 11:09:58.097"/>
</kw>
<kw name="Teste Criando uma Lista">
<arg>may</arg>
<arg>ribeiro</arg>
<arg>fernandes</arg>
<kw name="Log" library="BuiltIn">
<arg>${minha_lista}</arg>
<doc>Logs the given message with the given level.</doc>
<msg timestamp="20220206 11:09:58.102" level="INFO">['may', 'ribeiro', 'fernandes']</msg>
<status status="PASS" starttime="20220206 11:09:58.101" endtime="20220206 11:09:58.102"/>
</kw>
<status status="PASS" starttime="20220206 11:09:58.100" endtime="20220206 11:09:58.102"/>
</kw>
<kw name="Teste Criando os dois">
<arg>may</arg>
<arg>ribeiro</arg>
<arg>fernandes</arg>
<arg>shell=True</arg>
<arg>env=False</arg>
<kw name="Log" library="BuiltIn">
<arg>${minha_lista}\n${meu_dicionario}</arg>
<doc>Logs the given message with the given level.</doc>
<msg timestamp="20220206 11:09:58.104" level="INFO">['may', 'ribeiro', 'fernandes']
{'shell': 'True', 'env': 'False'}</msg>
<status status="PASS" starttime="20220206 11:09:58.104" endtime="20220206 11:09:58.105"/>
</kw>
<status status="PASS" starttime="20220206 11:09:58.102" endtime="20220206 11:09:58.105"/>
</kw>
<doc>No Python é conhecido como "kwargs"</doc>
<status status="PASS" starttime="20220206 11:09:58.092" endtime="20220206 11:09:58.105"/>
</test>
<status status="PASS" starttime="20220206 11:09:57.685" endtime="20220206 11:09:58.110"/>
</suite>
<statistics>
<total>
<stat pass="3" fail="0" skip="0">All Tests</stat>
</total>
<tag>
</tag>
<suite>
<stat pass="3" fail="0" skip="0" id="s1" name="Argumentos">Argumentos</stat>
</suite>
</statistics>
<errors>
</errors>
</robot>
