<?xml version="1.0" encoding="UTF-8"?>
<robot generator="Robot 4.1.2 (Python 3.10.0 on win32)" generated="20220214 19:49:18.584" rpa="false" schemaversion="2">
<suite id="s1" name="Date Time" source="C:\Users\IgorSantosAnselmodaS\eclipse-workspace\Automação_RobotFrameWork_Avançado\DateTime\date_time.robot">
<test id="s1-t1" name="Exemplo 01: Pegando data e hora atuais">
<kw name="Teste pegando data atual">
<kw name="Get Current Date" library="DateTime">
<var>${AGORA}</var>
<arg>result_format=%d-%m-%y</arg>
<doc>Returns current local or UTC time with an optional increment.</doc>
<msg timestamp="20220214 19:49:18.641" level="INFO">${AGORA} = 14-02-22</msg>
<status status="PASS" starttime="20220214 19:49:18.640" endtime="20220214 19:49:18.641"/>
</kw>
<kw name="Log" library="BuiltIn">
<arg>${AGORA}</arg>
<doc>Logs the given message with the given level.</doc>
<msg timestamp="20220214 19:49:18.642" level="INFO">14-02-22</msg>
<status status="PASS" starttime="20220214 19:49:18.641" endtime="20220214 19:49:18.642"/>
</kw>
<status status="PASS" starttime="20220214 19:49:18.640" endtime="20220214 19:49:18.643"/>
</kw>
<kw name="Teste pegando data e hora atuais">
<kw name="Get Current Date" library="DateTime">
<var>${AGORA}</var>
<arg>result_format=%Y-%m-%dT%H:%M:%S</arg>
<doc>Returns current local or UTC time with an optional increment.</doc>
<msg timestamp="20220214 19:49:18.644" level="INFO">${AGORA} = 2022-02-14T19:49:18</msg>
<status status="PASS" starttime="20220214 19:49:18.644" endtime="20220214 19:49:18.644"/>
</kw>
<kw name="Log" library="BuiltIn">
<arg>${AGORA}</arg>
<doc>Logs the given message with the given level.</doc>
<msg timestamp="20220214 19:49:18.646" level="INFO">2022-02-14T19:49:18</msg>
<status status="PASS" starttime="20220214 19:49:18.645" endtime="20220214 19:49:18.646"/>
</kw>
<status status="PASS" starttime="20220214 19:49:18.643" endtime="20220214 19:49:18.646"/>
</kw>
<kw name="Teste pegando ano - mês - dia separadamente">
<kw name="Get Current Date" library="DateTime">
<var>${HOJE}</var>
<doc>Returns current local or UTC time with an optional increment.</doc>
<msg timestamp="20220214 19:49:18.649" level="INFO">${HOJE} = 2022-02-14 19:49:18.648</msg>
<status status="PASS" starttime="20220214 19:49:18.648" endtime="20220214 19:49:18.649"/>
</kw>
<kw name="Convert Date" library="DateTime">
<var>${HOJE}</var>
<arg>${HOJE}</arg>
<arg>datetime</arg>
<doc>Converts between supported `date formats`.</doc>
<msg timestamp="20220214 19:49:18.654" level="INFO">${HOJE} = 2022-02-14 19:49:18.648000</msg>
<status status="PASS" starttime="20220214 19:49:18.649" endtime="20220214 19:49:18.654"/>
</kw>
<kw name="Log" library="BuiltIn">
<arg>${HOJE.day}-${HOJE.month}-${HOJE.year}</arg>
<doc>Logs the given message with the given level.</doc>
<msg timestamp="20220214 19:49:18.656" level="INFO">14-2-2022</msg>
<status status="PASS" starttime="20220214 19:49:18.654" endtime="20220214 19:49:18.656"/>
</kw>
<status status="PASS" starttime="20220214 19:49:18.646" endtime="20220214 19:49:18.656"/>
</kw>
<status status="PASS" starttime="20220214 19:49:18.639" endtime="20220214 19:49:18.656"/>
</test>
<test id="s1-t2" name="Exemplo 02: Manipulando o tempo">
<kw name="Trabalhando com tempo">
<kw name="Convert Time" library="DateTime">
<var>${HORA}</var>
<arg>1 minute 30 seconds</arg>
<doc>Converts between supported `time formats`.</doc>
<msg timestamp="20220214 19:49:18.665" level="INFO">${HORA} = 90.0</msg>
<status status="PASS" starttime="20220214 19:49:18.665" endtime="20220214 19:49:18.665"/>
</kw>
<kw name="Log" library="BuiltIn">
<arg>São ${HORA} segundos em 1 minuto e 30 segundos!</arg>
<doc>Logs the given message with the given level.</doc>
<msg timestamp="20220214 19:49:18.666" level="INFO">São 90.0 segundos em 1 minuto e 30 segundos!</msg>
<status status="PASS" starttime="20220214 19:49:18.666" endtime="20220214 19:49:18.666"/>
</kw>
<kw name="Convert Time" library="DateTime">
<var>${HORA}</var>
<arg>5400</arg>
<arg>verbose</arg>
<doc>Converts between supported `time formats`.</doc>
<msg timestamp="20220214 19:49:18.668" level="INFO">${HORA} = 1 hour 30 minutes</msg>
<status status="PASS" starttime="20220214 19:49:18.666" endtime="20220214 19:49:18.668"/>
</kw>
<kw name="Log" library="BuiltIn">
<arg>5400 segundos é ${HORA}!</arg>
<doc>Logs the given message with the given level.</doc>
<msg timestamp="20220214 19:49:18.668" level="INFO">5400 segundos é 1 hour 30 minutes!</msg>
<status status="PASS" starttime="20220214 19:49:18.668" endtime="20220214 19:49:18.668"/>
</kw>
<kw name="Convert Time" library="DateTime">
<var>${HORA}</var>
<arg>5500</arg>
<arg>timer</arg>
<arg>exclude_millis=yes</arg>
<doc>Converts between supported `time formats`.</doc>
<msg timestamp="20220214 19:49:18.669" level="INFO">${HORA} = 01:31:40</msg>
<status status="PASS" starttime="20220214 19:49:18.668" endtime="20220214 19:49:18.669"/>
</kw>
<kw name="Log" library="BuiltIn">
<arg>5500 segundos é ${HORA}!</arg>
<doc>Logs the given message with the given level.</doc>
<msg timestamp="20220214 19:49:18.669" level="INFO">5500 segundos é 01:31:40!</msg>
<status status="PASS" starttime="20220214 19:49:18.669" endtime="20220214 19:49:18.670"/>
</kw>
<status status="PASS" starttime="20220214 19:49:18.663" endtime="20220214 19:49:18.670"/>
</kw>
<status status="PASS" starttime="20220214 19:49:18.660" endtime="20220214 19:49:18.671"/>
</test>
<test id="s1-t3" name="Exemplo 03: Cálculos com data">
<kw name="Adicionando tempo de data">
<kw name="Get Current Date" library="DateTime">
<var>${ANTES}</var>
<doc>Returns current local or UTC time with an optional increment.</doc>
<msg timestamp="20220214 19:49:18.677" level="INFO">${ANTES} = 2022-02-14 19:49:18.677</msg>
<status status="PASS" starttime="20220214 19:49:18.677" endtime="20220214 19:49:18.677"/>
</kw>
<kw name="Add Time To Date" library="DateTime">
<var>${DEPOIS}</var>
<arg>${ANTES}</arg>
<arg>4 hours</arg>
<arg>result_format=%d-%m-%Y %H:%M:%S</arg>
<doc>Adds time to date and returns the resulting date.</doc>
<msg timestamp="20220214 19:49:18.678" level="INFO">${DEPOIS} = 14-02-2022 23:49:18</msg>
<status status="PASS" starttime="20220214 19:49:18.678" endtime="20220214 19:49:18.678"/>
</kw>
<kw name="Log" library="BuiltIn">
<arg>Antes: ${ANTES} - Depois: ${DEPOIS}</arg>
<doc>Logs the given message with the given level.</doc>
<msg timestamp="20220214 19:49:18.678" level="INFO">Antes: 2022-02-14 19:49:18.677 - Depois: 14-02-2022 23:49:18</msg>
<status status="PASS" starttime="20220214 19:49:18.678" endtime="20220214 19:49:18.679"/>
</kw>
<kw name="Get Current Date" library="DateTime">
<var>${ANTES}</var>
<doc>Returns current local or UTC time with an optional increment.</doc>
<msg timestamp="20220214 19:49:18.679" level="INFO">${ANTES} = 2022-02-14 19:49:18.679</msg>
<status status="PASS" starttime="20220214 19:49:18.679" endtime="20220214 19:49:18.679"/>
</kw>
<kw name="Add Time To Date" library="DateTime">
<var>${DEPOIS}</var>
<arg>${ANTES}</arg>
<arg>7 days</arg>
<arg>result_format=%d-%m-%Y %H:%M:%S</arg>
<doc>Adds time to date and returns the resulting date.</doc>
<msg timestamp="20220214 19:49:18.680" level="INFO">${DEPOIS} = 21-02-2022 19:49:18</msg>
<status status="PASS" starttime="20220214 19:49:18.679" endtime="20220214 19:49:18.680"/>
</kw>
<kw name="Log" library="BuiltIn">
<arg>Antes: ${ANTES} - Depois: ${DEPOIS}</arg>
<doc>Logs the given message with the given level.</doc>
<msg timestamp="20220214 19:49:18.680" level="INFO">Antes: 2022-02-14 19:49:18.679 - Depois: 21-02-2022 19:49:18</msg>
<status status="PASS" starttime="20220214 19:49:18.680" endtime="20220214 19:49:18.680"/>
</kw>
<status status="PASS" starttime="20220214 19:49:18.676" endtime="20220214 19:49:18.680"/>
</kw>
<kw name="Subtraindo tempo de data">
<kw name="Get Current Date" library="DateTime">
<var>${ANTES}</var>
<doc>Returns current local or UTC time with an optional increment.</doc>
<msg timestamp="20220214 19:49:18.682" level="INFO">${ANTES} = 2022-02-14 19:49:18.682</msg>
<status status="PASS" starttime="20220214 19:49:18.681" endtime="20220214 19:49:18.683"/>
</kw>
<kw name="Subtract Time From Date" library="DateTime">
<var>${DEPOIS}</var>
<arg>${ANTES}</arg>
<arg>25 minutes</arg>
<arg>result_format=%d-%m-%Y %H:%M:%S</arg>
<doc>Subtracts time from date and returns the resulting date.</doc>
<msg timestamp="20220214 19:49:18.685" level="INFO">${DEPOIS} = 14-02-2022 19:24:18</msg>
<status status="PASS" starttime="20220214 19:49:18.683" endtime="20220214 19:49:18.685"/>
</kw>
<kw name="Log" library="BuiltIn">
<arg>Antes: ${ANTES} - Depois: ${DEPOIS}</arg>
<doc>Logs the given message with the given level.</doc>
<msg timestamp="20220214 19:49:18.686" level="INFO">Antes: 2022-02-14 19:49:18.682 - Depois: 14-02-2022 19:24:18</msg>
<status status="PASS" starttime="20220214 19:49:18.685" endtime="20220214 19:49:18.686"/>
</kw>
<kw name="Get Current Date" library="DateTime">
<var>${ANTES}</var>
<doc>Returns current local or UTC time with an optional increment.</doc>
<msg timestamp="20220214 19:49:18.687" level="INFO">${ANTES} = 2022-02-14 19:49:18.687</msg>
<status status="PASS" starttime="20220214 19:49:18.686" endtime="20220214 19:49:18.687"/>
</kw>
<kw name="Subtract Time From Date" library="DateTime">
<var>${DEPOIS}</var>
<arg>${ANTES}</arg>
<arg>2 days</arg>
<arg>result_format=%d-%m-%Y %H:%M:%S</arg>
<doc>Subtracts time from date and returns the resulting date.</doc>
<msg timestamp="20220214 19:49:18.691" level="INFO">${DEPOIS} = 12-02-2022 19:49:18</msg>
<status status="PASS" starttime="20220214 19:49:18.688" endtime="20220214 19:49:18.691"/>
</kw>
<kw name="Log" library="BuiltIn">
<arg>Antes: ${ANTES} - Depois: ${DEPOIS}</arg>
<doc>Logs the given message with the given level.</doc>
<msg timestamp="20220214 19:49:18.693" level="INFO">Antes: 2022-02-14 19:49:18.687 - Depois: 12-02-2022 19:49:18</msg>
<status status="PASS" starttime="20220214 19:49:18.692" endtime="20220214 19:49:18.693"/>
</kw>
<status status="PASS" starttime="20220214 19:49:18.681" endtime="20220214 19:49:18.693"/>
</kw>
<status status="PASS" starttime="20220214 19:49:18.675" endtime="20220214 19:49:18.694"/>
</test>
<doc>http://robotframework.org/robotframework/latest/libraries/DateTime.html</doc>
<status status="PASS" starttime="20220214 19:49:18.589" endtime="20220214 19:49:18.697"/>
</suite>
<statistics>
<total>
<stat pass="3" fail="0" skip="0">All Tests</stat>
</total>
<tag>
</tag>
<suite>
<stat pass="3" fail="0" skip="0" id="s1" name="Date Time">Date Time</stat>
</suite>
</statistics>
<errors>
</errors>
</robot>
